<?xml version="1.0" encoding="UTF-8"?>
<testng-results ignored="0" total="1" passed="1" failed="0" skipped="0">
  <reporter-output>
  </reporter-output>
  <suite started-at="2023-12-19T18:38:17 IST" name="Default suite" finished-at="2023-12-19T18:39:11 IST" duration-ms="54130">
    <groups>
    </groups>
    <test started-at="2023-12-19T18:38:17 IST" name="Default test" finished-at="2023-12-19T18:39:11 IST" duration-ms="54130">
      <class name="com.phase2.testng.SignInTest">
        <test-method is-config="true" signature="beforeTest()[pri:0, instance:com.phase2.testng.SignInTest@47d9a273]" started-at="2023-12-19T18:38:17 IST" name="beforeTest" finished-at="2023-12-19T18:39:01 IST" duration-ms="44030" status="PASS">
          <reporter-output>
          </reporter-output>
        </test-method> <!-- beforeTest -->
        <test-method signature="signInTest()[pri:0, instance:com.phase2.testng.SignInTest@47d9a273]" started-at="2023-12-19T18:39:01 IST" name="signInTest" finished-at="2023-12-19T18:39:01 IST" duration-ms="76" status="PASS">
          <reporter-output>
          </reporter-output>
        </test-method> <!-- signInTest -->
        <test-method is-config="true" signature="afterTest()[pri:0, instance:com.phase2.testng.SignInTest@47d9a273]" started-at="2023-12-19T18:39:01 IST" name="afterTest" finished-at="2023-12-19T18:39:11 IST" duration-ms="9637" status="PASS">
          <reporter-output>
          </reporter-output>
        </test-method> <!-- afterTest -->
      </class> <!-- com.phase2.testng.SignInTest -->
    </test> <!-- Default test -->
  </suite> <!-- Default suite -->
</testng-results>
